2014-03-18 16:55:16.417 HelloWorld[45255:70b] Multi-tasking -> Device: YES, App: YES
2014-03-18 16:55:16.751 HelloWorld[45255:70b] Resetting plugins due to page load.
2014-03-18 16:55:16.867 HelloWorld[45255:70b] Finished load of: file:///Users/davidcasagrande/Library/Application%20Support/iPhone%20Simulator/7.1/Applications/4C9978F8-DD9C-4007-99FB-04A27A38165E/HelloWorld.app/www/index.html
2014-03-18 22:38:03.556 HelloWorld[1221:70b] Multi-tasking -> Device: YES, App: YES
2014-03-18 22:38:03.889 HelloWorld[1221:70b] Resetting plugins due to page load.
2014-03-18 22:38:03.952 HelloWorld[1221:70b] Finished load of: file:///Users/davidcasagrande/Library/Application%20Support/iPhone%20Simulator/7.1/Applications/4C9978F8-DD9C-4007-99FB-04A27A38165E/HelloWorld.app/www/index.html
2014-03-18 22:38:26.624 HelloWorld[1221:70b] Camera.getPicture: source type 1 not available.
2014-03-18 22:38:29.417 HelloWorld[1221:70b] THREAD WARNING: ['Camera'] took '2793.800049' ms. Plugin should use a background thread.
2014-03-18 22:38:30.194 HelloWorld[1221:70b] Camera.getPicture: source type 1 not available.
2014-03-18 22:38:32.418 HelloWorld[1221:70b] THREAD WARNING: ['Camera'] took '2224.491943' ms. Plugin should use a background thread.
2014-03-18 22:38:33.152 HelloWorld[1221:70b] THREAD WARNING: ['Camera'] took '28.814941' ms. Plugin should use a background thread.
2014-03-18 22:38:39.887 HelloWorld[1221:70b] THREAD WARNING: ['Camera'] took '17.051025' ms. Plugin should use a background thread.
2014-03-18 22:38:44.049 HelloWorld[1221:70b] Camera.getPicture: source type 1 not available.
2014-03-18 22:38:45.587 HelloWorld[1221:70b] THREAD WARNING: ['Camera'] took '1537.983887' ms. Plugin should use a background thread.
2014-03-18 22:42:16.556 HelloWorld[1434:70b] Multi-tasking -> Device: YES, App: YES
2014-03-18 22:42:16.606 HelloWorld[1434:70b] Resetting plugins due to page load.
2014-03-18 22:42:16.629 HelloWorld[1434:70b] Finished load of: file:///Users/davidcasagrande/Library/Application%20Support/iPhone%20Simulator/7.1/Applications/4C9978F8-DD9C-4007-99FB-04A27A38165E/HelloWorld.app/www/index.html
2014-03-18 22:42:32.728 HelloWorld[1665:70b] Multi-tasking -> Device: YES, App: YES
2014-03-18 22:42:32.837 HelloWorld[1665:70b] Resetting plugins due to page load.
2014-03-18 22:42:32.866 HelloWorld[1665:70b] Finished load of: file:///Users/davidcasagrande/Library/Application%20Support/iPhone%20Simulator/7.1/Applications/4C9978F8-DD9C-4007-99FB-04A27A38165E/HelloWorld.app/www/index.html
2014-03-18 22:42:35.356 HelloWorld[1665:70b] Camera.getPicture: source type 1 not available.
2014-03-18 22:42:36.992 HelloWorld[1665:70b] THREAD WARNING: ['Camera'] took '1637.123047' ms. Plugin should use a background thread.
